500
0 5715 1625 7320 2897 7652 6683 148 9021 2545 1470 7561 6472 1645 3469 1813 8413 8741
1 79 952 8987 8017 2846 5494 1375 9505 367 6205 2562 4604 518 4206 2816 3452 6339 7940
2 2962 4400 3380 1658 5232 2275 1112 4092 8151 7991 3461 8440 1564 5706 7962 4332
3 2240 9444 4230 9351 7579 6611 5459 8031 1098 1213 9809 5622 2412 4512 6558 4076
4 321 221 1580 5780 2393 8455 2923 5615 5564 6459 2635 8768 9577 8443 3828 3097
5 2 5448 6630 8220 2176 5384 6321 6752 9820 3087 1481 7206 3573 9093 4781 2006
6 9968 4501 8797 6301 5979 2307 4939 5621 4707 7088 117 7697 9698 1822 3660 27 2028 8225
7 1668 2537 6503 4214 9205 463 4223 7045 4635 4744 2152 605 7530 2722 1167 8492 9564
8 8994 5748 937 1153 7038 6295 654 1183 1694 1084 6131 3875 8591 30 4480 8778 6686 7646
9 935 707 7948 5132 8532 3080 622 8239 1133 3391 5009 451 4869 3958 7414 2098 8152
10 3894 9224 9758 5326 6762 5323 4569 9443 1303 4851 8883 2868 3380 4074 1778 2510 2126 6235
11 6613 5072 1900 9283 7664 5117 5391 6999 2551 1477 4154 4211 3213 4875 6850 2471 8561
12 2555 8343 3936 2970 7146 6404 7970 8981 667 8365 6831 389 6641 8587 9706 8355 720
13 3012 4286 5572 1557 6499 3969 253 981 6067 6485 4551 25 4960 4448 1611 1346 5859 3824 8786
14 9007 3432 6631 7744 252 6867 4972 8478 9861 2537 2234 493 5195 2937 1911 4182 1591
15 7949 9008 3144 7153 7476 9376 945 8516 3999 9241 1731 8951 602 4957 3061 5490 9693 7934 5332
16 7652 2533 5784 1852 1916 3916 6587 9742 3008 4242 2120 3641 5845 6730 7014 4776 3339
17 6938 8235 8982 1123 950 7431 8337 8652 9194 9954 4474 7554 8674 9138 3038 2243
18 2240 3541 7426 6502 9703 2480 9315 7000 4213 3513 408 9928 4140 7299 1989 9184 712
19 7762 4060 8858 9470 2256 135 1212 6051 4669 7500 976 5275 3835 3250 2663 5739 3393 4874
20 2288 6067 3236 4348 9428 8441 836 2474 5368 7617 7203 3913 9519 4155 6694 2236 2426 8007
21 5962 7105 5397 1583 7036 6696 5126 1835 8959 1708 8481 4795 5041 6233 5509 6775 7152
22 3074 8134 9290 6772 9414 5316 5679 6768 8154 7841 2701 6461 7126 6661 8860 1766 8547
23 7153 6827 220 9293 2771 8503 8293 6087 9750 8985 5101 3948 6337 2451 5530 2574 7418 9098 2563
24 3982 3043 9640 5704 2123 4199 465 6034 2071 3717 7862 6351 9835 9161 9532 6344 2984
25 3936 2699 6285 2790 116 528 1933 2884 6774 5721 7325 4666 3105 5654 94 1927 9016 7125
26 979 8922 3836 79 5802 2143 2855 6360 1697 6364 5920 5303 2987 6785 2508 2245 5261
27 427 311 5492 2030 1963 4679 1644 8403 9638 5572 7773 9771 3943 6125 5532 8895
28 8125 8423 1339 7733 9435 4486 5341 2008 6281 3665 1638 8197 8937 2886 2024 2670 2427 171
29 9244 200 6115 3020 2543 9871 3708 8156 5746 4487 4306 396 9 7134 9881 3382 325 2209
30 9533 1083 3073 3463 6544 4107 1169 3762 1307 5637 5078 7849 2207 2930 9110 6276
31 5412 8920 774 7610 4622 1905 9255 3110 786 4674 1230 5449 7455 8897 591 9249
32 6547 7845 7653 7335 3651 2465 9838 8870 733 8329 5264 5903 936 6901 6776 1187 5548
33 321 4045 4957 176 6130 2014 4651 4898 7463 5259 8864 9896 3722 6369 5242 5048 4443 8915
34 79 5899 1542 3675 5413 151 690 3269 2077 4513 2680 7590 2103 3986 2834 2838 9768
35 7883 4326 8687 7349 4129 5866 6406 3233 6993 8139 1492 5023 7251 8511 2166 2277 1504 3185
36 6258 3700 30 9144 9187 2223 8658 5505 3580 8037 6192 5491 724 8746 6397 2361
37 7699 2121 9654 6770 4616 8300 7155 8784 7716 6899 9367 9327 9664 4921 5882 2402 8075
38 3877 1401 7162 977 4308 8684 1056 5044 6795 7626 5338 4325 8402 8065 4809 1090 6109
39 6101 1750 2074 6359 3493 1219 6197 5735 4726 7955 9707 2199 3525 2996 480 2063
40 2643 9349 5758 7233 756 2392 5922 9015 5840 133 3365 8400 1656 2809 7638 2503 1954
41 2986 1375 6391 7 8223 5523 1491 6490 6213 1849 3286 9930 9426 6753 7220 5398 726 1
42 5748 574 1534 5386 9852 8593 9080 9063 2411 4379 3348 6908 2467 8185 3045 5524 8354 8965
43 6327 2875 1195 8900 3403 4342 7920 5964 439 4837 2973 4175 4413 29 4912 5594 7311
44 745 8068 901 9604 8605 9780 5348 1097 2431 1864 5558 2683 8490 9212 7870 939
45 2121 1657 9199 9704 9645 2792 8891 8203 5894 6506 3997 8843 4931 2628 8050 1626 3047
46 7296 7193 6817 332 8671 4439 82 4468 4858 3116 823 9245 6884 696 9266 3854
47 6613 2 7922 8814 9332 3679 4054 3349 5108 6582 1785 7408 1840 7828 1146
48 1299 511 6771 4684 131 5437 4546 9979 477 876 8249 5744 8434 4482 6147 7124 7230 4751
49 7413 8484 7429 5322 1354 7267 9605 1789 3109 1400 5890 1444 4792 4214 9758 3750 4297 8542 9639
50 4314 6608 2651 4313 7347 2764 8708 9528 1330 2211 4132 1756 6497 1162 1037 4050 7722
51 5762 155 1498 1405 6643 4071 6479 3120 6992 5557 4127 3775 7083 8941 5077 7233 2457
52 5880 5752 2707 340 8927 9172 5655 8114 6248 6456 5201 9611 7238 3751 9183 7867 269 7915
53 7438 9979 1223 9031 960 8612 8549 1666 8260 7442 2657 7577 9028 2755 216
54 2340 7899 3731 1948 5589 6526 4624 521 6367 4053 9535 6805 8085 927 2530 8879 2867
55 4199 5064 5175 7932 4804 9865 5061 3758 4134 8230 3156 6573 8144 1453 750 6980 7330 5527
56 9007 2943 863 5826 4407 6662 7092 804 3566 7691 1955 4625 6688 7552 8349 3342
57 4326 1091 1981 5981 5502 2917 3447 2302 7473 6709 5119 3285 7627 3578 9038 7333 7055 4696 565
58 935 7795 8386 1770 9684 8598 4873 1769 3752 88 3565 9869 9450 2225 3744 8211
59 3830 4222 8193 3505 9493 4470 6282 6230 600 1907 9840 8444 4396 6902 4723 831
60 8387 8332 7929 1248 5995 3386 7541 1267 9911 7508 3976 3470 2214 8083 1595 3281 657
61 2 3285 5112 6592 5992 8136 4610 9830 1185 6418 6241 4093 9484 435 364 8284 5470 7662
62 7709 3232 1956 4314 4252 7221 7965 2568 6381 8102 7884 2079 4319 2254 3996 5709 2825
63 7880 5340 5966 8832 329 5771 244 7821 6541 2870 8390 2802 3907 8476 3277 2387 5988
64 1668 541 3249 5030 6149 2403 1625 2767 7143 9710 6975 3115 7217 8821 21 3759 9464
65 9842 1774 8185 6423 6144 1106 9582 7782 8523 150 908 3320 155 9793 6807 4290 1391 3424 262
66 7240 6687 3326 3714 2147 3048 6954 1606 6040 916 6516 497 9637 8527 7392 7269 607
67 1534 5401 5141 5857 6859 3935 2797 4925 6168 715 4309 3862 5428 3323 5226 9423
68 8134 3961 9607 1711 8780 4977 4847 3772 1806 7156 983 8615 7338 6687 7718 4225
69 2327 427 1430 3195 8894 2784 8663 4389 7769 8302 637 8428 6801 5194 5493 1527 4303
70 1984 9955 1572 3504 2189 7912 2894 2433 5086 4793 4091 1119 2534 7433 9227 3740 1727 5010
71 7732 6447 8887 1465 9216 2863 6747 4878 9338 326 5560 7680 3166 1730 1195 3467 833
72 3758 6889 9467 5698 6616 5501 8980 6196 1867 2262 71 4209 2804 4459 5544 8603 4376
73 4901 4079 3111 2513 3434 6889 729 2401 2795 9163 9732 7439 4577 7415 1801 8064 5968
74 6584 7355 3720 8217 2662 164 8358 8243 410 5923 9412 5631 2118 6003 9759 9877 7181
75 4855 8062 1167 6415 8570 9961 5752 9096 4271 2539 7585 113 9678 139 8494 2629 3693
76 9848 412 5583 8498 8986 7657 3699 4367 6718 9296 9383 1428 2796 7292 4632 1431 8703
77 4035 3079 726 6387 8014 9842 9433 752 39 7432 5929 8696 6642 9959 4121 4360 2963
78 8491 477 247 3049 643 5713 7004 1786 1678 1805 7564 3071 9557 9387 6916 4647 251 3207
79 6054 2898 46 2927 1641 9330 8688 9786 7205 6346 4403 9075 5347 1455 404 2723 740 7985
80 2288 2346 1260 110 1319 2489 7364 564 4831 7461 6113 7621 8761 2918 1435 9889
81 4340 8512 4352 8618 1932 5740 883 9667 6640 7329 166 655 2289 7341 7368 5539
82 412 4801 7694 8634 7607 5446 3946 3495 713 69 9872 1683 7654 2850 2048 382
83 1625 2773 8022 8406 6615 7807 5088 4857 4148 4320 7601 9111 5266 4986 4533 5990 7187
84 1774 4660 3022 9548 1710 4699 1044 8829 9636 2341 4564 5962 557 4852 2889 8613 9962
85 9545 6054 3051 8686 8854 2569 3715 118 2466 2047 7663 5554 5004 7983 60 2470 4597
86 8005 6675 6734 207 513 5143 4216 4285 8966 7059 5331 6110 3282 9944 1914 1137 7783 6631
87 9129 5869 5871 7183 5925 8371 2496 257 2295 9511 2269 6581 8386 5217 3850 4229 9375 7048 652
88 259 9465 7459 4450 8874 3726 5412 4641 9953 2353 3662 8145 7790 996 2777 3059 8692 2119
89 5869 2192 3783 8831 2791 4529 7452 4243 8373 2468 7707 2408 1665 2092 9422 4953
90 4985 7736 860 9586 210 4824 1208 2266 9041 2218 4377 3781 5790 8000 3918 1308 9289 7242
91 3543 7474 7087 7101 2121 1585 4946 1463 1429 9964 4147 9761 8110 486 9120 4094 2659 8942
92 352 4760 7050 4971 3230 6551 1969 8134 4840 170 7831 6565 8496 9578 1199 8982 1823
93 4020 2109 8418 1628 7864 3278 6622 9014 2926 6393 4743 6799 7924 8277 4796 9421 9797
94 5307 3240 6613 6355 3656 2653 2112 9056 9858 9292 6038 1197 1093 1379 839 8401 9687
95 9199 7481 1150 4628 7896 5188 8331 6140 5911 822 9303 5287 8646 9850 2648 6135 8417
96 3012 7630 2274 8189 1784 7971 3631 2966 3776 1901 8594 5176 6583 2472 7327 6259
97 5715 5860 6986 9764 4429 9208 4224 7775 3004 3533 4437 5838 9591 3741 3489 2173 6746 8958 8654
98 7120 6778 7180 2817 219 9692 72 5409 4664 9034 5396 567 2226 3192 8828 4594 198
99 4352 2518 7615 4528 8920 5062 716 2982 2201 152 4330 6185 5685 462 7907 5673
100 2962 4399 9004 6790 5390 7751 4633 34 2185 5293 7241 4917 9500 6826 9282 6488
101 9301 8307 4893 2175 895 6523 554 101 6849 7550 3276 8666 3950 6231 4740 8625
102 6827 3869 6903 8375 199 6525 3755 7448 1373 6352 9616 8653 2803 9857 3771 3516
103 1105 9301 6236 3241 820 4574 9047 2064 9141 969 138 8671 3810 2605 241 1196 525
104 8431 2569 2774 1289 7179 9755 1941 174 3538 5787 3522 9600 2621 1410 8158 8438 980
105 9075 1358 4784 7068 9775 2462 3025 211 6674 8119 309 9432 1908 3377 4665 369 9413
106 7153 6216 2577 1071 8628 6955 9716 8556 3910 5096 6981 360 3678 1357 6894 543
107 3836 7439 1950 8947 3052 8533 3254 2355 6126 2215 6029 5215 1652 7358 6977 3838
108 6538 3468 6731 7622 9244 1282 5172 1971 529 8019 7721 540 3341 9977 7531 2379
109 6030 3914 238 5996 7082 3718 8803 8172 671 6789 6122 4991 2687 7020 2864 5663
110 9930 1934 376 1581 4834 7647 2639 8794 3111 5584 7284 9411 3490 9284 6989 1446 7132 5745
111 1979 3513 9993 9669 3923 9449 1423 5067 5541 2612 4950 2644 3437 8374 7964 799 6492
112 2555 949 4269 8008 8116 5178 2278 9874 1728 6550 9610 2331 5865 4304 5608 810 1500
113 6938 4531 9709 6810 4951 278 5278 4102 7980 9543 3458 2983 7275 2061 7922 2128 5121
114 7699 2595 7120 9723 842 3088 8700 2416 2965 7379 2860 7310 6586 9584 7553 3887 1520
115 8711 457 8601 3226 5775 9515 9719 8765 1631 5905 3568 2290 2415 9969 7428 5924 7944
116 1134 8145 9398 2239 4399 285 7120 7413 9481 4493 3397 5152 4735 3501 6982 7797 6454 5788 62
117 3163 5848 7454 1702 9159 9843 2305 8236 548 4731 1994 5115 7703 9844 2734 2322 2724
118 3894 5003 1479 9965 2318 4866 5329 9149 2586 2005 100 7210 6837 9819 7988 8643 5007
119 7949 776 7126 7138 7474 5867 3113 7859 4254 8589 4949 7981 8368 5233 2922 5094 5841
120 7736 2005 5043 6920 6262 5801 9065 3114 134 7633 9618 7591 4835 2960 7758 7727 8725
121 8293 2670 9132 5247 1265 4720 3885 178 5688 1263 3084 9494 9783 2571 9991 9988 1399
122 8043 8599 6588 5245 9325 9391 5318 9501 6787 474 2293 5179 7558 8159 434 2494 4246
123 7429 9713 5660 6326 3153 7977 354 1252 9431 6086 1340 9097 5535 7288 80 9788
124 5064 6621 6946 5307 2634 7665 3552 5762 1722 6896 2018 8171 9534 305 8489 1999
125 5340 1552 7314 3172 5052 5875 8486 6960 4442 5804 6900 9674 8045 3655 5869 4841
126 8130 4034 1736 8930 7684 1352 1290 1255 9510 9175 8123 1657 8220 688 4457 520 1409 6607
127 2155 5295 9244 5122 4020 9451 3199 4110 7071 8464 7482 8391 1724 8241 7270 3993
128 447 4948 7698 2607 5797 5555 2505 7747 4813 6693 1226 7042 3790 3161 7557 4153
129 5437 3877 6549 4705 7542 6891 1619 4905 965 8098 1988 1738 8635 423 9694
130 8406 6492 7048 4692 3870 6532 502 9174 8969 388 270 2246 6936 425 1468 9280
131 183 447 2458 1042 7318 4945 6155 5567 6724 4573 9845 4198 9679 5559 1614 7352
132 9139 9230 8507 3234 3575 1310 1773 7127 1501 5593 8724 4375 1144 1663 8839 6731
133 8722 7709 7055 5961 6445 9323 7136 7400 2540 6576 1896 2553 2999 4490 6564 245 5896
134 9270 4457 6454 7243 3364 8723 6427 7978 2452 7639 3977 7472 6922 7609 3823 3622 2521
135 6534 8644 6073 9982 1353 3074 5406 9444 6728 4566 2034 6375 3888 4588 7166 308 7321
136 6134 3751 663 9211 732 1721 2107 7572 4173 7930 8515 6229 5107 5934 6074 5948 2196 9345
137 9968 2304 1607 5054 2676 6869 1651 7780 4944 9262 6888 748 291 2761 8253 4008
138 3521 3827 6074 7151 8710 1476 8056 1247 7637 8181 6570 1640 8396 2717 6050 2142 5954 7649 6665
139 450 2158 2760 444 9671 6861 4002 9268 6937 5388 7628 5345 9060 766 581 8580 1968
140 5677 5251 5462 2038 3 6257 3590 5441 9230 7117 1469 7792 805 3972 5506 1288
141 7575 2870 9908 405 3319 7069 3312 1775 997 8968 8012 5002 4883 5346 7995 9915
142 1343 4928 7361 683 6613 3219 2414 4179 6089 5817 9833 5656 9491 6271 7201 7640 4195
143 1383 1979 9637 8387 3238 8270 1154 287 8670 4534 6518 6221 7043 1473 7180 8335 5144
144 5219 5656 7956 1110 6798 8554 1004 9368 4015 7613 8585 3858 2669 5949 4328 2582
145 569 7519 7575 6750 5607 4985 1216 3015 3880 3411 1120 3623 5028 1693 6204 9465 6489 1274
146 9265 4967 4912 2972 5846 5982 9109 4739 4029 3451 7342 3561 8408 2249 8543 2213 9673
147 7285 782 5288 3362 7078 7351 8807 5813 2286 2313 1461 7237 1223 891 702 6396 2229
148 4909 5885 6075 1085 6555 1931 3766 4929 867 96 6942 1164 5612 6515 4472 8208 7906
149 4377 325 6739 1923 2029 6512 7302 2299 3460 1317 3060 3529 1045 229 5561 9544 7183
150 3783 7919 1164 5389 524 3819 2674 5351 2697 8025 5448 5064 7507 4767 4780 7044 7427 1600
151 2666 4526 5715 9621 9487 3672 5839 2190 4924 9191 7668 2007 3043 3482 8507 7587 3937 9415
152 3936 2085 8043 1912 5065 5294 8572 5998 4347 507 2785 4993 1061 8845 1672
153 6021 4901 6895 9374 1496 5690 1750 172 2136 9305 7854 2421 7846 3208 7495 5761 6796
154 2643 6737 4356 2613 6320 7822 952 5950 7815 115 1186 6291 8433 3388 4312 9399 3125 5270
155 5507 4377 1043 925 6305 2010 6283 281 7765 2552 2308 5908 1539 9304 381 9196 8621
156 3584 8092 6765 8816 7696 4037 5192 6598 5280 1546 574 1271 9424 8597 4144 3011 5229
157 9453 5339 9970 6343 5467 1937 3802 6401 2000 8248 926 3169 316 1188 8062 9551 9112 5902
158 148 2426 2589 5896 5989 8770 3240 9107 3021 4908 1395 4237 1138 7377 5582 236 6075 3988
159 5848 7790 4890 5477 5335 7673 3036 3697 8242 2668 3757 6934 3325 7976 9179 7534 7072 6597
160 6778 2768 6650 2409 8131 2938 365 8388 1675 1179 2017 2204 6379 9562 6504 510
161 6692 5359 8531 2951 8973 4035 8461 1661 3259 4284 1039 914 5080 7682 6715 8788 4357 7814
162 3885 2983 5767 4378 6298 1095 9048 1124 2713 5438 472 5649 6332 3600 1116 9011
163 9903 2857 8325 4520 9957 7904 3877 183 7173 8057 904 7813 7309 2869 5220 256 1228
164 8716 8580 7606 7365 1871 1987 7851 3054 3510 9336 5928 2187 7249 3108 3613 7943
165 3376 208 3837 1833 9270 9583 2058 3729 300 1394 4228 4914 8297 7486 4089 4276 4754
166 9224 3926 1665 9010 6717 3146 4916 5732 837 5034 5134 323 3338 6088 3966 2500
167 7055 7710 5810 9463 1741 898 6838 4983 2062 7353 777 4404 2920 348 4032 3891
168 8644 991 5212 75 6254 6567 1156 4245 6996 206 973 9841 2599 6609 1634 7320 9765 1576
169 3371 4787 6137 456 358 2721 4100 1363 578 1344 9306 1358 6742 6707 9247
170 6986 3089 2752 650 639 9619 7537 552 9688 5581 9549 260 8850 2859 4259 5830 7471 3809
171 7652 468 9720 6400 9615 1297 6092 9789 7484 8163 2519 4782 5814 1617 6117 1605
172 5445 3251 8450 6374 9256 2690 8121 6883 1016 1272 8514 8421 4400 7294 2004 8992 717 800
173 3023 7053 1515 8040 2696 6260 6627 7086 8905 5647 4712 1160 4956 2766 2770
174 3316 7085 755 3963 858 5103 4727 2446 2731 6045 5399 3756 3418 705 6886 5436
175 8470 1328 9940 7064 6409 3839 3379 3535 6843 6176 2515 1669 5538 988 3271 7710 6152
176 4664 3533 4783 8579 1613 719 1807 3429 9668 6270 8150 2531 406 8896 809 2193 4764 9213
177 1238 9219 9436 4232 1031 5901 5913 441 2616 4087 4882 8526 6250 2314 8155 8717
178 979 7210 3125 3883 2866 7961 8077 7643 8125 3129 9173 8834 3625 7899 3183 4323 8382
179 8812 8121 7755 1791 6062 8989 5831 642 5308 7197 6706 8676 2453 6426 7366
180 3111 246 828 5520 1329 3345 2994 4583 4449 9392 5321 7575 3194 19 2577 64 8902
181 7713 88 1336 8218 6336 8268 255 9348 6834 3609 5969 6735 3904 6151 1760 3502
182 8193 5029 1505 1242 8058 4033 7880 6608 8719 6358 203 2529 7839 2857 768 1035 9127 5704
183 1429 1831 9947 205 2806 4537 8824 882 3414 1026 5153 9405 3329 4563 2087 8348 8048
184 9244 133 4907 1276 872 714 767 7902 8021 2096 8198 7407 2915 6094 802 9812 3733
185 3074 8685 7659 9395 3981 355 3121 2358 8488 5953 7028 1393 8468 8324 6947 9514
186 2904 4234 3597 5211 4974 1610 2343 2885 8762 8738 4559 9145 9818 4708 755 4818 6676
187 1956 3304 475 866 794 9918 9253 4117 1381 1277 7161 9661 7689 9232 9062 3512
188 3032 9968 6469 9757 3582 6186 8714 123 4013 66 2590 7235 2157 7678 6386
189 4728 7732 6464 7683 2349 8888 4253 168 1356 1627 9215 53 9448 1371 6299 1275
190 9834 6060 5155 9649 5503 6623 603 5738 964 4549 7389 1407 2934 2924 2317 7653
191 1125 518 9013 9990 467 5719 5060 6519 5271 4343 5340 8528 7096 2645 5255 826 7246 7076
192 732 3894 8078 4958 9313 8294 3497 771 9186 390 8876 3547 1503 5939 1102 4128
193 4624 6369 5548 8251 8495 8245 4572 6656 7063 5481 9379 7385 6058 154 9492 1249
194 6537 5898 6699 1364 4294 5045 8133 5666 1149 5893 4808 1814 9643 8751 9568 5854
195 8125 5964 9453 865 9311 5907 2591 3702 5497 9656 2271 8624 8272 106 6227 4779
196 2704 3784 7641 6201 6362 3657 3314 417 9876 1992 3721 4865 698 9640 8344 9331 3370
197 6467 4345 7786 2396 3895 6744 4697 6412 4192 7582 1092 6528 9585 4690 2579 5918 6047
198 2892 4828 9898 8912 9026 4433 8254 2729 1067 1788 7383 6224 5689 9342 4688 4623
199 8284 5821 5349 668 7509 796 9722 3549 7018 4293 2237 8295 4166 1390 8957 1753
200 3144 6875 7699 2842 3135 2745 3100 8685 8573 3210 8709 5142 483 7666 1139 9378 6114
201 9160 2100 9580 3745 8309 4580 1877 4455 4544 758 7686 4489 2495 8389 7642 5772
202 7517 2475 5636 372 4842 2423 8333 1060 519 2346 5313 9701 6210 3735 1193 5371
203 4311 7933 2583 7419 1436 7131 3728 8754 2424 9279 6425 4686 8871 4278 2957 5147 2800
204 7762 2735 1510 9807 3989 6143 8878 4162 2117 503 6933 7596 7676 8312 8118
205 9013 259 5507 7413 4431 3188 8885 4693 4909 8630 3742 5592 9195 2935 8796 466
206 4341 6178 6139 8135 1077 8838 4210 6414 1964 4051 9992 2377 1893 9358 1109
207 5412 1668 2902 2740 8306 5747 3098 4080 4702 4289 878 4177 196 9353 6239 7945
208 6482 6327 6945 6188 8614 5566 2865 5703 7331 7499 1590 9104 3334 3635 6710 457
209 9197 3320 7254 6020 8978 9385 5218 861 559 488 5754 7469 2031 608 4496 3949
210 7997 2555 2867 8256 9633 7618 915 3876 2432 3291 2375 1191 4219 3410 357 8686 8167
211 6672 9014 8881 5434 703 2781 9116 7316 2909 3336 3884 1529 6347 2026 7458 8785
212 6635 4199 2741 7740 9218 2858 6860 6191 296 3687 5326 3925 3869 9950 5769 5779 3564
213 1042 5921 9083 7007 4333 9238 284 7030 8712 5638 1454 8711 9866 3764 5360 5066 2104 7360
214 3586 4437 2383 7396 4324 3581 9721 1670 4737 6659 26 6494 2979 3526 8924 3241 4012 7304
215 1353 3885 896 7457 3044 8581 5855 5623 1623 3975 1055 6348 9466 4814 658 2188
216 4527 6196 9836 5053 6727 2624 4095 674 3506 1985 532 9168 9119 8781 5111 627
217 9615 9114 2128 8363 2265 14 6619 494 9029 4218 9559 3847 1148 7370 797
218 6044 1611 1555 9380 6853 3227 44 487 5628 8673 8265 7397 9483 6531 2078 9547 6708
219 8495 3905 6980 4636 7938 3231 6537 6187 5302 9182 2055 4423 598 1190 1012 9000 5749 8216
220 7413 8428 4402 6451 8856 6434 4548 167 5444 7946 1934 4736 9462 2373 2301 954
221 2128 367 6292 8693 7135 3797 3165 9400 5454 1003 4989 2109 2822 665 3939 1597 2610 3779
222 238 8609 1512 3163 4880 8054 6952 2072 985 1231 6010 7909 312 2566 3130 8601
223 7852 7367 4965 5474 3498 9878 2750 8837 8798 8205 9713 7406 6211 6733 3794 9749 875 9975
224 4765 2847 8491 6767 310 1059 5834 243 6077 7372 8501 7650 5020 5764 7091
225 1496 2263 9027 3820 6198 4629 8800 8452 3157 140 5860 1052 6500 4368 1349 5112 3065
226 2790 712 7992 1763 5795 4238 4505 7719 3905 542 3554 8186 5462 1347 1577 9808
227 8910 3752 5580 3801 1566 2647 1366 5678 4350 5456 9832 6309 3719 207 6557 6294
228 6020 921 4780 6509 1579 2990 6539 9317 8429 2158 2903 9291 4096 5563 6357 8645
229 1117 6029 1562 8506 8863 9377 4558 1826 5402 2499 3337 3446 6716 4542 2959 7510
230 1763 4561 397 1293 2232 9233 5904 6477 5206 8975 169 6076 5283 265 1415 8210 1280
231 8671 3958 1140 1227 6398 7772 8582 5693 5514 4514 4562 5824 1014 9826 1406 6483 6007
232 420 3758 1343 5726 2578 3186 6778 1086 9369 8564 773 2390 3032 3992 3102 9025 8160 3782 9916 9003
233 6458 6534 5654 709 1101 1624 2454 1980 2681 3840 2576 7996 7443 5435 2304 8844 640 4454 5353
234 8498 5099 2404 5880 420 9499 8052 9264 4777 6104 32 9344 1442 8559 2460 6561 2856
235 3753 3561 4959 8015 9816 6222 3817 7429 9324 7753 7065 5583 5219 3650 7498 9108 9231
236 205 2962 8910 8342 3456 2032 111 1327 7099 7860 2255 1234 6019 6510 49 1754
237 4531 3703 2028 8352 2877 3603 4057 9606 6893 1017 3777 5522 7624 8041 8521
238 4176 4350 5457 6625 9593 9071 1132 609 5367 7247 5040 8418 6852 9603 4892 8018
239 2013 7206 7392 5129 5942 8361 4150 4984 1586 1397 7193 9873 4031 3500 1833 7695 5653 2517
240 8212 9930 3841 239 413 3006 9997 9094 1256 662 1674 893 7362 9237 9937 6474
241 199 2486 6413 1176 9073 6604 1798 3024 6968 812 5986 55 1582 2359 3902 6698
242 1289 7569 8931 1554 6495 5848 1032 1343 2294 8964 9627 6160 9847 8003 7845 4919 6056
243 2264 9032 935 847 2730 3297 7754 3263 4539 8995 2481 9772 4662 1890 5684 968
244 1524 7044 6584 5471 6244 8028 6148 4043 3541 8622 5395 737 2718 7354 2220 7359 932 9854
245 7968 7333 2412 9903 6082 3727 9045 489 9341 1451 1979 9567 9884 1063 5322 4536 5822 7825
246 847 4168 5993 8918 5150 2828 9712 4937 5783 8214 6018 3017 6739 1654 9457 6580 1128
247 6049 2183 5849 295 3454 6496 3220 234 7405 3392 8046 3202 1565 4750 4896 6452
248 5458 7742 2146 6802 1295 4372 3530 4801 1441 3691 851 7312 8898 4161 2439 9151
249 7438 4385 4507 139 6354 8782 523 4193 3151 9090 4364 6667 9319 6310 2332 1998 5083
250 8116 8896 321 4822 6421 6330 3441 7739 8922 2177 8051 8477 3172 1270 8010 1047 811
251 780 3053 279 7165 1940 987 3313 1370 9734 9971 3616 2807 5011 1065 6382
252 79 813 1734 5019 3827 9523 3588 1457 8095 2449 6440 2649 617 440 6136 4200 843
253 9990 9215 6554 8934 9133 3811 5818 2559 3215 2097 779 1524 3537 5858 1900 4810 986
254 6082 3509 2485 1570 5889 3596 2016 5164 1105 2883 8795 492 4456 6480 3138 632
255 838 7987 5234 9995 6428 6184 3270 1776 1041 3563 8129 2137 9190 5492 6654 9076 1437
256 2630 7379 3528 9281 793 1569 9635 7616 5630 2992 3620 7232 943 735 7776 9902
257 4314 951 3823 8830 9815 9791 6918 345 9538 7951 1952 5734 9453 4940 6064 8467
258 1557 1790 9480 993 8105 5451 1859 3416 8889 3035 2210 3837 3985 450 6164 8620 7453
259 4107 395 1642 5286 1273 7293 5536 400 8484 6759 7629 1879 8914 6036 3288 7608
260 9299 4004 2184 6458 2247 1535 5430 6356 1360 3932 5450 6219 195 5050 1053 4401 3632
261 2340 8600 3064 8932 912 944 765 8071 6685 8744 6290 9527 7567 3089 1637 3737
262 4027 3630 4011 5794 8109 1281 6991 8462 9200 5966 2114 8466 1650 1250 1499 7150 6278
263 5862 8711 454 3012 3700 1593 9162 517 3244 6647 4802 6341 8750 3825 3671 2705 5484
264 4199 4884 4070 7423 4691 9609 6712 3521 136 9939 3984 7730 1224 9467 673 9589 741 7535
265 5917 6550 7485 8904 5385 9655 5214 8320 9152 8610 1919 3572 6780 6572 2847 7586 3964 5625
266 1121 4626 6011 2321 5910 2704 7692 9994 685 2456 6595 8471 5282 6890 226
267 6101 7285 8167 8111 989 3670 646 6594 1083 5652 8758 9628 661 6630 6349 8173
268 5326 7713 3453 3092 7040 1978 5468 4819 8853 3579 4145 1632 128 4346 8740 1530
269 8830 4176 6044 1365 5862 8290 5407 2149 1413 3309 2833 9517 7258 9811 3423 4734 8026
270 1752 9347 8713 4069 4709 8522 4361 1049 3415 7504 728 9781 8608 5265 5657 8539
271 3077 4988 1780 7749 276 3147 6189 5105 6 2192 3523 7687 4812 7031 5874 1505
272 7864 4463 2685 3704 7852 3889 2298 402 3705 751 4721 8134 4521 6959 4197 2858 3435 3624
273 5099 4091 675 3160 5531 2512 2911 3099 7137 4571 6373 9223 8447 6620 8557 2443
274 1454 8539 3491 3684 5333 7425 6653 7855 202 1873 5569 6212 1361 9401 7186 7268
275 5248 5772 7280 695 5798 9357 722 83 3998 8247 1973 1540 3427 4469 7306 9406
276 2615 3184 1125 5604 4719 6924 126 9252 2896 8530 9265 6628 7114 630 5763 4167
277 2422 4343 5895 1345 686 5373 2164 447 2105 9051 5799 2981 1198 9677 2902 7917 6949 8540
278 625 5504 7895 5365 6084 7936 3748 3871 7789 5957 4592 7987 9730 5017 4904 6481
279 7219 267 6385 7142 6692 9115 8928 4677 6633 9938 2627 8264 7688 8013 2065 8091
280 8462 2673 2630 4359 9219 7141 9312 7489 4704 2837 5187 597 2124 7313 984
281 6470 1728 8284 4302 1141 1058 3255 1608 5352 6990 8961 3152 7875 3127 7543 5181 2267
282 9842 2538 5097 569 7670 7549 283 2516 5125 6287 4222 9595 7506 8153 7295
283 6404 6938 8188 4068 4310 4362 7435 159 5 6223 1048 7324 2418 1598 9298 6146 9078
284 5880 7077 7861 871 2191 182 4614 6507 8148 8706 4060 5692 3073 8534 6402 1136 8590
285 6153 3331 3303 9192 1142 4888 6105 8042 1351 7262 54 1787 3900 5237 692
286 925 8053 6390 7369 1299 4811 784 5899 707 5098 9738 5849 8345 7248 4547 3796 452 4041
287 9404 4619 5702 2198 8362 6166 1051 175 8279 2882 78 1080 4432 7887 7194
288 3543 3842 8157 1846 7456 4277 8068 1834 6266 3096 8310 8792 1422 3686 2060 6549 2497 1260
289 1871 1066 1117 2002 5872 9370 6578 8419 6190 7894 6232 3689 992 6568 930 1232 7576 1079
290 3103 7029 538 8142 9261 1471 2601 6303 1560 7501 4935 5977 6599 2238 9685 769
291 6014 867 437 1175 7952 9295 4249 1647 2101 7967 3034 7422 4703 7159 4181 1543
292 5341 673 6099 6705 676 9404 6296 2127 215 5369 3058 9839 8141 6556 3716 448
293 8069 6424 1323 3607 4063 5362 1841 8636 7192 5295 7323 7559 1720 2171 8215 8199
294 4679 557 5710 232 6931 708 6175 1533 2186 1966 7487 5478 577 2315 6540 4500 2140
295 6296 8150 2978 1889 5292 6547 3056 7597 2160 1695 4415 3507 368 5445 7087 8066 5727 2338
296 4958 3781 527 5443 4260 9545 3178 9066 9335 7367 9495 9372 2399 6209 8449 4484
297 9669 9677 4104 9579 4106 7829 5534 1930 4391 631 6116 4272 5936 5154 9371 5208
298 9533 3119 9496 6070 7720 3265 6914 157 7848 4475 6000 5833 2195 1723 5926 1648
299 6170 6698 3586 934 3374 1387 4281 4714 3016 7093 7363 7533 4976 8906 1681
300 5322 9260 2617 227 22 6022 6865 9676 881 4565 9825 4942 8954 5683 850 6882
301 7133 8848 4664 971 1145 8583 3290 7054 2546 2324 9984 8668 8997 2205 9314 7798 5149 2989
302 1534 5014 8146 8414 4212 9901 9302 8842 1315 8137 4236 5075 5157 4955 781 73
303 1670 7787 1761 1800 838 8340 6809 1445 9188 5200 504 5207 8882 6085 8991 5887 5610
304 321 8345 254 1762 7260 9917 13 6737 1847 9285 3327 8460 3445 4587 1679 1559
305 5775 1429 4606 7570 3268 8683 2570 6365 5751 2933 6457 6410 6433 2285 3833 7426 9259 9607
306 1058 8958 4527 7037 8405 5519 6234 5632 8004 7079 3754 951 1843 2774 5508 7122 6318
307 6258 8844 5033 8836 2643 4280 6743 1233 815 512 9178 6602 2893 6264 6312 7544
308 8387 1799 1305 4765 2736 18 9032 5268 1064 862 2049 8948 8341 3550 9827 4552
309 7001 6528 6470 8841 7874 9533 8789 1904 1262 5417 2820 8474 9778 5160 4668 7835 1257
310 6920 7438 5270 4354 2156 2633 7399 6042 2339 9260 5596 1903 8840 8357 7741 8595 7440
311 6141 3944 6100 7517 1348 4234 9442 4845 7770 592 8720 7547 2898 3994 8678 7066 3436
312 6465 8104 8233 6829 130 5552 5339 8465 2788 2728 9862 1772 8190 7516 5528 9948
313 9374 7486 8055 6024 2711 7409 4584 4045 7012 6897 1622 8278 3532 8687 8483 8162 6590
314 9461 545 1050 8089 1979 9745 4491 5716 4816 9083 2333 3457 5680 4982 3264 2394
315 4824 2732 9666 7167 3275 6666 3284 734 9942 6919 3431 3433 3007 7172 2819 5364
316 3602 7586 132 6970 4966 1130 6670 5587 1117 1389 3859 9566 3680 527 2310 906 9960 2589
317 1731 6949 5383 8060 5737 5912 9804 9746 6777 7566 4256 9474 3633 8811 721 3592
318 843 1139 7602 3225 4879 2168 6691 7001 9430 8518 2406 6956 3360 9739 1194 4344
319 2114 4020 638 4081 3882 7253 1855 742 4742 2391 4926 5170 311 4412 5272 1002 5090
320 7759 5304 2554 2057 1425 6840 9347 4832 6389 8555 7551 6793 3983 2881 3703 6505
321 8618 6486 7833 4695 1220 379 8170 1809 8103 7393 689 6002 6635 2233 7105 897
322 8140 583 5917 6909 5177 4995 6015 482 6881 3991 4453 5947 9526 8364 8459 4109
323 3982 3363 6063 7960 3308 7261 3128 3813 6636 8639 4660 6725 5074 813 736 9625 1403
324 5643 9551 1206 1737 8027 9271 7154 8343 553 4478 4028 7734 8988 7062 1508 7148
325 3728 6671 9800 2212 2464 5785 6370 137 1848 3481 2179 5876 8228 7340 9012 6407 7119
326 2437 3835 8893 8195 1869 1757 590 3562 6997 1552 6226 8756 4510 8952 2840 401 4753
327 4180 5193 5277 7634 8949 8998 1218 5356 77 7496 3104 1253 1815 9156 5547 8631 9276 8697
328 6712 2979 9848 7598 8743 9160 6928 3485 8416 6543 1311 4296 8450 3822 4762 1642 2145 5921
329 7 4941 3408 9461 8552 2165 1332 4774 2682 5375 3468 6249 1817 3041 7061 2749 7833
330 745 3507 8690 6102 3305 8209 4997 3747 5027 5479 5393 5856 3298 6926 5327 9103
331 7992 2155 930 3982 7191 8939 1259 3003 7771 6025 6150 8191 6498 3527 1655 7298
332 2175 1647 6785 3376 4844 7199 8044 7212 4171 7921 2167 2650 8086 6545 4860 7805 2975 6464 3018
333 7545 2491 6258 1238 8855 9055 3494 343 3515 8113 3710 8122 3606 5512 5311 8950 3583
334 3379 9036 3673 575 9540 8234 3066 2437 8336 2197 9340 8204 449 5803 8976 7623 3830 1105
335 5386 250 9478 1686 3174 6844 3267 6476 8529 4026 5031 3189 7118 2440 1324
336 7296 399 1752 8925 374 4788 8790 6618 8005 2417 4169 1943 3373 4152 8366 8520 2955
337 9086 7629 3830 5254 610 3602 700 6216 4040 7777 380 4672 2051 4409 727 8805 4772 9470
338 4362 7200 4517 7240 6465 6673 7185 3381 9717 1746 7009 887 8655 5781 1073 2242 8611
339 6611 2260 9337 3545 5418 2879 8313 4803 6436 5973 9239 9077 7226 1542 5013 6781
340 7782 5090 7198 9598 6438 2340 5251 5379 3086 1960 6741 5843 2283 7274 398 9193 6315
341 374 2668 352 4670 792 4497 5330 4575 6979 9176 1177 1717 2488 7104 4770
342 2052 9933 4341 1174 3792 4327 5816 3356 929 6292 1957 6041 5055 45 7804 8035
343 2685 1287 6681 6261 1680 3555 3256 5670 546 6521 5898 3193 5432 2596 9049 4292
344 2986 188 2932 783 1749 601 7796 8677 3967 6306 7746 7511 1808 1588 5381 1716 8082 508
345 116 560 5546 8990 6921 6323 1478 446 5300 5223 4900 1765 558 3031 5374
346 139 2650 3354 551 1009 225 7291 5724 5186 2550 1876 2614 3873 9039 4605 6655
347 650 3371 4843 4086 9085 8524 4123 5110 5708 468 2413 5431 267 8372 3746 6394
348 7088 1868 56 385 5185 81 8586 9040 3818 9224 4176 9946 9705 6177 580 3182 3627
349 7012 8269 9735 1839 7752 5482 8319 1091 303 3344 7395 3807 3803 7844 5511 919 9654 3701
350 1149 7289 9191 3007 9023 1774 7968 1335 8970 8599 4687 214 2618 4334 9018 8359 6658 5789
351 4170 3950 6028 917 8815 8074 8231 6478 4975 6123 522 757 393 9747 1662
352 5788 4367 8722 8726 2873 6880 3158 2325 6178 7006 1743 8193 5600 6263 9113 682 5606 8718
353 6161 8439 3937 7410 8124 8729 956 6758 1426 4613 2998 9650 3137 3027 8893 5997 8617
354 8832 5163 4661 4027 4337 1860 7438 1884 7979 3428 6285 7033 4745 2757 958 1925 4978 1882
355 6545 3537 9555 2125 6141 455 9920 2906 928 9044 2818 9883 6871 2560 6766 5298 3795
356 8841 1246 5005 7278 9931 394 6484 966 8659 9708 7605 7800 991 3274 9683 2974
357 9731 6855 8908 3539 5258 9740 8179 2640 6449 5941 8033 5199 5421 3945 1005
358 4539 7820 8257 7202 7259 5755 8473 4133 212 571 9533 868 1261 8757 6771 3101 864
359 2414 7949 6748 8775 6049 648 8852 9087 5342 3832 2052 2708 2839 5601 9900 4483
360 6270 9733 269 5756 1796 678 8456 7677 8097 7434 8661 7974 351 7886 6646 5299
361 84 9120 8069 9364 8090 5659 5466 4464 4382 9821 4579 51 4434 9286 5915 6878
362 9023 4886 8169 7984 6048 4047 7737 7095 3524 9565 2445 6005 947 3082 6879 7479 2486
363 8183 6982 7304 7706 8392 656 7708 9254 7611 5035 5951 8376 1376 1240 6764
364 4129 5677 1157 5909 5748 2344 5359 8936 7736 7444 1667 6462 9733 677 67 491 824 1011
365 6547 1822 7133 2698 6338 4805 7239 949 3661 7562 1715 223 3155 6030 9356 6803 4353
366 7791 4093 8081 9652 4170 9751 9904 8822 5597 8296 8732 5309 7892 2420 7488 1443 8647
367 2439 2209 3190 7163 5216 2597 6566 1147 5260 411 4757 9125 5203 9270 1294 4535
368 76 1904 3567 8106 5980 1449 4299 324 4556 1866 6237 3872 817 3404 8962 8126
369 5446 4442 1454 1383 3753 7631 4607 7560 7972 7672 1868 2398 1440 4024 8446 7546 4638
370 1571 7026 3343 9522 4766 7116 5861 933 9164 8809 6256 1182 2536 5168 4135
371 3012 5063 7553 5668 7178 8862 889 7732 6603 6614 3184 3242 7714 9123 5945 2511
372 9688 2150 3795 3520 6808 6403 1075 4385 2384 1411 4393 8469 9976 2447 1028
373 105 9354 6001 7998 3576 5825 8562 7337 4836 9438 2709 7174 2805 5852 5196
374 2182 7771 4494 3612 3543 4602 3417 6112 7989 6174 3148 830 3593 4488 8138 4073
375 4855 7252 955 7811 1528 1601 9316 4462 9042 5183 2206 8823 2429 5089 7865 9004
376 5156 5483 1396 438 1929 9846 3610 4963 4126 9691 5634 2907 9859 2297 7182
377 6967 2818 5458 2598 4645 6851 2677 3479 2050 3145 5401 7699 6839 5209 6966 9714 3608
378 8105 1391 8210 8649 5085 6417 501 353 2144 9167 8457 23 4692 2041 4116 1514
379 5053 4317 4418 478 3425 9831 6680 9657 1892 2369 9300 8890 9019 4502
380 1601 2615 4401 3653 9887 1878 1464 626 7675 1556 4871 8752 4999 2134 762 2469 1126
381 1984 2679 2900 5166 5773 3557 4311 684 8736 1944 6935 7314 129 7023 8560 8130 6726 4609
382 9043 6487 9137 1292 3072 4065 9124 3079 2248 9202 3069 931 3767 4441 9363 4390
383 9545 3750 1020 6437 7604 2326 1296 5269 3141 1010 8919 3860 6983 7449 2148 8194
384 1710 7147 7788 7039 6815 190 5182 1072 5135 5461 4526 6466 3028 5063 8866 7097 6431
385 3106 6134 660 6677 2095 5676 2544 8535 6429 9675 9867 3518 1482 1821 7005 4097
386 1216 5645 625 2895 7336 5230 6651 2463 4815 2887 105 2270 6986 4886 8266 8316 3245 153
387 1476 2892 8212 9521 9573 3222 5515 9235 8410 301 28 3132 3643 9933 5595 359
388 8227 3757 6913 3093 6214 3798 7373 8360 3251 4933 431 3652 2638 4706 6818 879 3855
389 7049 7759 691 3789 3863 2542 6388 2844 3509 2661 7693 4820 6917 9702 1113 6522
390 9573 2345 2422 4021 5224 6218 8453 2116 9802 1550 3318 6157 2350 7857 3711
391 135 9464 9259 9837 2699 5465 5687 1794 1829 2329 1961 8351 5972 3075 442
392 7266 8880 9576 5643 3496 4151 6161 2753 9558 8734 7227 3296 8916 3042 2067 4650
393 7874 9834 5253 9476 946 61 5124 8286 8773 5682 739 6675 2815 8827 6413 8305 2715
394 7751 5887 2565 5815 6377 2483 3669 3806 8332 43 4648 9906 1309 7121 7332 7491
395 1348 6269 7321 3262 4066 8029 5240 5161 4522 7574 948 297 5156 2900 6700 8808
396 9659 177 2264 1719 3013 745 2946 6736 8977 3394 7025 1956 8996 3293 2080 8088
397 2480 9822 2693 4913 4241 7276 264 5145 900 854 1522 1434 8196 9217 5056 6749
398 4985 2003 6014 718 4855 3683 3853 5355 9130 2366 9381 9926 5877 849 8011
399 5097 8005 4749 2876 2526 3261 4300 9359 624 5113 5983 8143 7836 2769 6944 3597
400 1256 7521 910 9594 9185 3159 3831 2954 8699 330 1782 5439 1799 4689 2874 827 6333
401 2662 4909 9806 3164 2871 4798 3106 4258 4257 8715 7503 2183 9743 1207 4538 9601
402 6187 450 6635 7888 4786 2746 2580 5180 6964 5248 7545 6289 6119 5533 5573 7748 659
403 569 1638 9777 5433 9409 8451 9787 5082 4411 6862 9480 8346 4716 2835 6644 5376
404 7806 5239 8733 6334 4755 336 6193 6973 6267 8177 2231 6065 191 9436 924
405 761 9003 8716 2139 7008 6467 1959 6302 3176 2799 4160 2434 8946 1215 8411 6236 918
406 2288 6347 5104 141 3942 3486 1953 2988 5317 3395 8250 6873 8439 4761 5778 3968
407 7669 9050 3081 4007 2783 1341 1377 3634 6032 7209 3422 9043 8804 4646 9310 6951
408 4035 2060 6324 8130 4667 1924 9798 3808 8427 4266 142 2908 1616 6073 4884 3350
409 9138 4423 9139 76 3812 273 2875 9741 7969 2115 2533 6819 1853 1828 8731 338 5167
410 8293 3584 6251 4180 6311 744 2319 5565 583 7386 6145 9386 4920 9177 4062 9669 2430
411 6428 7511 8267 8030 3707 6898 8571 271 2872 1412 1489 2760 1201 9225 4001 8132
412 2349 6280 7856 5768 585 8425 2476 5695 4671 4903 633 328 6765 2952 6162 6732
413 7179 6331 2958 9197 4444 3821 6984 304 7256 1368 1107 9355 7824 9349 3235 3419
414 4134 850 7123 9608 8899 9602 4954 5863 3304 7519 3322 9682 3009 4590 7583 8722 146
415 4340 4962 7072 9697 7536 2182 2066 9681 2389 1880 7281 1287 1541 1202 114 7863
416 3004 9007 2810 6170 2794 7169 499 8304 5068 7490 7581 3690 5276 7801 2575
417 7456 7997 3405 5138 4159 1523 8252 4785 7344 240 6203 8660 634 6286 1458
418 719 108 6460 843 3814 7060 9352 7034 3508 7903 1424 6939 9459 4042 3014 3630
419 552 6021 4077 790 2335 6701 246 4821 5836 6940 6460 4341 7656 4082 3531 694
420 4558 8344 3203 5674 5416 9086 4596 6225 112 8519 8505 3682 1419 1000 9001 6958
421 4786 7950 3723 5198 3474 4286 2968 1118 4741 1851 3560 761 2099 4386 6514 1767 9506
422 8907 1025 7023 4203 6416 5742 8224 8810 4084 8289 1548 4025 9366 3763 8423 5537
423 3146 5838 3316 1538 1920 7939 6473 1696 2279 9460 9530 4056 2272 5070 5296
424 7883 2064 4056 4591 7525 699 3897 7893 2782 8487 5106 5457 7810 9067 9403 4363
425 523 652 5500 3465 5526 1380 2604 5868 2549 2655 4906 1690 9146 1691 5049
426 2058 9518 6071 1439 3095 9943 7177 4928 7244 4649 8009 3846 5120 593 42
427 4071 4647 3393 3117 3553 4264 366 1034 1121 2808 3845 2878 2033 8742 4419 8079
428 3158 3023 9988 6842 4627 9008 1682 4039 7027 1536 3398 4191 8680 7307 2673 5723
429 3964 1942 9829 4036 798 7467 6530 8036 8662 233 7702 7436 3659 7032 6606 6575
430 8794 7688 5400 8140 3629 6963 33 7090 819 514 7593 3211 4336 9541 7017
431 3050 443 2113 3865 2744 4365 476 5162 7024 953 2985 5029 41 3574 9709 8846 9502
432 2858 1739 2652 4586 3637 9803 9581 5696 9030 3214 8175 5517 9622 6577 65
433 369 496 3077 9248 4797 4612 2202 7881 4760 4710 1237 8848 4553 663 9139 5999 458
434 9443 7756 8049 6863 6729 4420 3307 2712 8180 8298 1178 3122 9653 5705 563 9520
435 3113 6922 8462 4970 4178 4771 5728 2538 3696 6722 8701 8463 778 6463 7355 4615 7380
436 1784 6676 6153 5946 1414 9091 5658 6560 3638 7713 6648 725 293 1103 7816 1222 8667
437 9178 1079 5639 6511 3476 5026 3154 1369 2323 2773 235 7569 8867 2368 3140 5130 9763 3033
438 183 4108 6376 5661 5793 616 9955 4358 2532 9886 3473 421 4044 38 347
439 6899 3207 6652 4730 1918 7630 6967 3736 9362 7207 9868 250 4136 5155 6275 2490 5426 5807
440 6360 1986 9795 7056 5933 5962 7075 4511 8491 1587 1314 2043 5900 2969 3548
441 3792 9565 687 3352 6953 873 2320 7108 2111 3144 4763 6923 1087 7021 8921 2162
442 5902 4870 5948 9206 7669 1040 874 5743 1007 8672 7204 3959 8093 8813 6624 8566 9148
443 9931 3665 3102 5525 4501 7350 5897 9805 4733 2961 8448 8764 7157 2337 2812
444 9107 4717 670 5387 8911 7834 1122 1567 3648 6173 193 1832 3083 36 978
445 8431 2019 2600 780 3909 4973 7802 5651 2135 9408 7808 5873 1432 7301 7277
446 647 8696 9075 1935 9407 7115 4340 3167 535 9753 9198 4990 4915 2522 7357 4523
447 1252 3932 6786 218 2288 6103 1301 1205 9912 9275 4099 454 6391 970 5485 8707 7130
448 8396 9600 759 7725 272 1615 8480 3134 6154 496 5169 8147 9823 2129 9914
449 7267 6101 3383 6610 6053 2088 6915 9135 6124 3990 4010 9393 1742 8164 2258
450 9483 5553 9646 2603 10 2939 5358 6695 5671 1958 5664 2155 1466 8513 4893 2541
451 7902 2929 7513 3101 8748 6491 8350 7885 7779 1874 7826 7636 2725 9046 9057 6811 723
452 2407 9991 6061 9485 4055 1019 7234 4226 9416 9945 5978 2102 3385 3920 1298
453 7240 8812 4567 1705 8574 8282 8967 4481 6133 2947 2438 7381 8953 1609 1516
454 9852 8445 5662 3706 3409 3666 1264 2518 1888 4274 9207 331 1111 1602 2823
455 3981 6030 9169 9181 145 5730 6408 8067 8084 9070 6574 1398 7188 547 5236 3053
456 1145 5543 6833 5605 102 7041 5442 4349 2925 9069 490 2059 816 1421 2679 8246
457 8487 3243 6046 8287 8935 2292 1571 3046 9309 9736 7819 9388 5304 7022 4838 3253 9524
458 1560 2327 84 5069 606 9563 9299 1793 8604 8548 2595 7745 4791 6091 3488 1467
459 6281 5997 1495 8221 221 7791 6327 2611 2194 9932 1838 5827 4746 1698 4187 5059
460 3395 1962 9892 834 6129 8698 3956 5131 7228 5870 4967 888 7651 52 9308
461 5451 5149 5788 2910 5171 8508 9005 9728 1972 8367 5617 3292 2235 3694 4438
462 9129 5111 2739 857 1917 5257 6702 8592 3050 641 3857 2169 415 3799 856 730
463 2413 640 7568 4414 5777 3965 1306 8907 6812 1646 5578 1596 1459 9529 6487 7966 6378
464 1546 3061 2203 5301 307 8793 9569 4680 6313 3432 788 8301 8569 8432 6238 8531 3786
465 3261 3104 730 8702 8644 7728 7481 4307 3914 4244 2936 9050 6892 7074 7565 5419 9699
466 300 6250 1858 1134 4282 2787 8493 6617 2244 6035 2222 9935 6363 604 4643 9641
467 4923 1137 802 2904 770 4397 9986 8338 6800 4891 7382 7901 5635 9512 5943
468 9040 6351 7290 286 9498 349 5334 2263 7767 7679 8705 4421 884 4315 2716
469 7204 9623 1081 6961 1036 6941 8632 8235 4938 2827 7272 9171 3280 7614 4923 3310
470 5783 9510 4728 469 58 3149 1531 9507 8061 1337 8104 4557 6938 6538 3376 2251 5660 9718 5930 3709 6405
471 8248 8756 8470 5429 7795 3375 8168 7681 5244 4778 8227 3621 5842 8202 4652 8258
472 8663 550 9632 3229 3540 1472 4188 3856 9921 7837 5796 1401 2615 644 9537 5190 1022
473 5962 6797 2013 4698 9440 1997 3330 5770 5350 7993 6448 7715 1339 1104 4189 7285
474 5445 7213 9989 9885 2692 1521 4326 8269 268 3368 5906 5985 5556 2626 6181 2273
475 3521 5437 2444 4658 5408 7975 787 4369 2890 8117 9731 163 149 4854 1747 2778 3499
476 1299 6482 5219 7526 6827 5800 647 4644 9592 120 776 1342 6821 621 8092 8023 1995
477 3427 8728 5509 6672 2342 8087 1781 3363 1328 4654 2141 5127 6200 2852 8851 162 436
478 876 5194 3047 2382 4541 666 1574 8308 8502 6825 63 8200 2085 356 7215 3273 3599
479 3377 6095 1181 9689 1939 6163 5038 7160 238 6978 4240 9318 4849 4070 2501 566 9972
480 8528 8259 6836 7219 4156 3173 2376 5189 7266 8747 3260 3852 4112 9418 1480 8767 3218
481 1105 2856 9025 5095 1204 3864 6195 7477 2037 5022 1831 24 7671 1225 3366 1490 2356
482 2322 8174 8651 3843 829 1367 3355 5151 7858 9102 1639 8314 3941 5891 6711 4124
483 935 90 9425 9089 1633 613 6274 7563 1745 4807 555 2407 6325 7817 2208 967
484 8209 6332 7216 7599 2737 511 5440 8183 9770 789 165 3536 1180 7950 6912 4626 6180
485 8883 6226 2171 7806 8859 2070 505 7110 3901 7451 2365 2027 8759 8315 4388
486 6978 9265 9273 5609 2161 9711 7170 362 8263 2228 2036 5006 4220 1244 5888 5008
487 2136 8566 4504 1850 8377 1192 6773 835 4295 4589 2252 7164 8107 110 7478 7480 9907
488 6306 7013 8776 1779 7868 4416 1685 6083 6059 1127 3866 3739 8999 710 2282
489 753 2666 8176 731 1241 1845 8938 6468 526 3732 5042 1810 9035 5366 5263
490 2611 425 3547 6962 697 9236 4799 2798 8275 8238 4787 8327 200 3805 4435 4969
491 7234 2001 6453 8681 9936 7085 8538 2524 7781 9624 6905 1168 6329 7925
492 6744 1504 7842 4823 6639 8499 3804 8766 4078 541 3677 4345 7743 8689 8002 4302 1802
493 5038 4752 2608 485 7447 9114 412 760 2747 1408 1236 5415 1982 17 9402
494 5006 4639 3005 738 3743 6925 122 6057 9101 9153 7391 9660 6100 9468 1945 6600
495 2240 7434 6669 5228 2811 7356 8578 3103 1159 1865 701 1561 7890 941 8207
496 7880 6538 7762 5700 3970 1452 5343 9384 299 4532 9794 2093 6052 5864 3995
497 4151 8994 7057 8787 5884 3987 7556 2660 5241 6447 7632 4853 5250 6316 1279 5956
498 476 3032 3664 9659 1740 1209 5109 6300 3642 880 2227 5370 3002 2100 3713 8819
499 3006 5547 1898 3681 8753 8442 7889 6738 1402 1129 104 319 2602 2594 6242 4789
