100
0 43 3 38 30 24 104 288 51 756 1137 66 35 92 15 26 123 9 1687 231 1422 8 137 1368 4227 4040 3053 6614 8949 4048 796 322 2498
1 159 13 93 74 180 61 41 237 22 505 425 435 101 633 238 134 281 397 946 600 5865 0 214 533 396 34 4589
2 9 83 94 5 179 102 264 103 59 156 323 104 148 13 804 25 240 15 282 2883 1706 940 4859 268 779 775 203 297 210 713 536 401 756 637 699
3 68 147 170 161 73 447 28 112 142 41 1456 8444 8948 16 3676 853 5165 907 7924 14 2191 6329 1362 360 1062 2067 7 256 2840 271 9138 8704 2992 730 392 8516 1041
4 18 229 1 514 308 2132 779 1843 1623 1956 133 3689 2098 7687 941 9493 2791 7287 8428 3946 278 3769 2460 2894 908 3654 5774 6147
5 10 32 68 97 31 18 40 60 195 62 37 96 95 94 168 128 412 314 328 48 93 109 6 61 161 5782
6 20 40 108 3 8 96 86 72 29 135 137 799 132 302 100 159 71 178 648 954 182 248 368 1184 163 349 1476 271 1147 391
7 25 6 56 54 90 109 89 31 250 462 96 461 338 195 276 108 555 355 237 1496 0 220 1828 17 1087 316 251 1452
8 53 51 50 1 240 105 54 4 126 63 546 286 43 151 815 216 142 323 199 950 221 88 283 261 46 83 120 2769 752 1345 1225
9 31 3 56 59 44 47 10 58 38 8 412 9 231 2024 119 409 113 340 83 16 417 91 82 352 114 109 84 468 2831 912 4390 26
10 19 0 38 12 71 138 8 18 43 139 129 4 256 93 33 160 26 6 75 185 163 513 81 17 265 1963 1927 211 154 694 73 739
11 24 60 51 23 248 111 142 231 70 475 124 139 82 477 1566 174 63 57 209 902 267 5376 772 14 150 1991 7559 3661 810 172 2152
12 2 23 34 105 99 21 7 12 221 632 168 40 65 66 287 595 98 77 26 84 18 1401 731 878 427 32 7084 30 1298 35 120 280 16 88 628 122
13 50 13 1271 101 567 1 1156 1042 32 233 1959 1438 3324 1677 5834 1967 885 1105 1686 2664 2579 3700 5120 4162 6480 4482 4001 4350
14 73 185 49 35 807 143 349 224 303 456 290 270 1097 450 78 229 398 39 1902 706 1590 3548 3500 1100 3070 1709 6662 1985 816 2205 1641
15 92 8 35 2 72 182 147 38 178 150 202 113 84 112 231 309 212 601 125 513 537 854 361 177 5620 13 2745 450 2330 312 217 9957 1401
16 170 63 167 659 256 288 848 223 1754 948 19 191 1116 506 4848 6031 9471 5429 4752 1315 5222 1576 258 4362 2983 1959 1748 7367 1207 3950 7791 1811 6630 1579
17 5893 23 42 178 318 247 418 665 85 86 510 65 257 21 150 428 454 12 759 4278 199 1710 346 3900 3274 7818 2202 3735 5278 547 8015 602
18 56 879 213 169 94 202 189 60 192 245 701 267 2128 796 7593 3813 1481 979 130 1973 1082 790 2990 439 37 161 3983 452 546
19 1 16 55 32 250 236 14 633 92 3797 188 826 134 871 253 358 214 30 599 153 309 347 1072 718 11 231 1119 1216 764 2193
20 60 16 26 41 148 57 1052 12 49 118 232 907 1 208 491 33 22 1514 160 5154 188 43 297 36 247 1726 1121 1169
21 21 124 71 26 74 325 218 1948 87 14 43 69 47 49 207 403 1350 34 386 1402 103 205 20 465 3158 28 176 184 248 25 40 33
22 3 2 133 40 47 44 49 60 168 23 78 114 72 198 193 74 161 298 658 352 964 207 514 51 42 64 173 101 92 822 97 429
23 35 15 34 17 66 81 122 55 281 53 84 24 1407 250 230 2169 215 343 361 2479 272 678 269 5604 419 671 50 191
24 104 28 91 67 6 80 22 42 115 117 269 19 0 184 160 246 414 305 3210 3 3349 1066 542 190 644 185 889 7373 977 3171 388 746
25 109 227 27 129 2587 68 2 393 31 140 380 12 35 186 83 6 147 1199 24 249 4724 1667 1490 15 678 588 3 2546 70 342 44 9677 344
26 66 91 79 0 15 168 6 120 210 2195 3 2052 415 234 446 299 890 170 342 488 1333 144 257 1967 580 1397 32 447 267 1019 526 9017 122
27 45 7 15 70 21 16 119 228 157 122 52 121 107 169 443 855 28 343 739 79 206 11 417 24 552 139 409 411 300 837 379 244 431 331 500 132 265 160 2171 8438 1814 5960 2627 646 650
28 0 148 64 264 114 53 82 70 144 253 107 27 791 975 414 268 383 1788 2576 6424 860 198 433 164 1917 488 688 492 2048 552 444 1886 475 653 4596 85 1142
29 3 131 76 36 360 71 329 139 490 278 32 44 442 437 107 274 332 179 337 331 3842 26 393 1000 793 496 1908 1015 1803 417 1697 3201 526
30 9 41 102 625 14 234 93 2385 149 435 1610 196 1026 602 687 155 4801 8740 610 1906 110 8365 3502 1210 1332 111 9295 6450 5792 6097 6696 1963 4325 8938 8427 9360 3943
31 105 34 43 26 83 22 399 2360 173 199 1106 222 590 2078 55 21 172 842 557 102 735 582 463 59 408 33 1882 18
32 1 28 19 16 91 32 77 339 88 239 232 619 321 56 47 307 797 420 521 4850 622 184 192 122 527 87 1125 96 549 663 283
33 54 9 298 25 34 174 47 61 149 18 180 128 102 88 1011 86 271 222 284 120 724 482 168 8 419 3119 15 60 12 1990 73 1807 98 299 83 57
34 137 168 57 121 1 154 21 412 4 391 216 34 171 60 73 1665 371 305 91 38 340 83 95 31 16 9952 1575 594 333 108 2300 2126 22 1089 466
35 8973 272 419 297 1959 646 6137 9957 35 7718 3236 1752 7970 476 2239 483 1074 5221 6012 4164 471 529 836 316 1150 969 953 4613 2516 3560 1782
36 406 163 1080 280 42 105 13 94 434 1936 469 68 328 63 1783 353 181 80 206 131 114 998 979 24 1127 3730 561 6137 134 1290 5005 2979 676 1532
37 45 246 100 88 11 129 30 28 48 2096 141 102 18 395 35 23 165 320 2147 418 7 2430 444 1214 514 84 357 1027 175 323 1358
38 37 121 125 141 66 257 54 906 253 585 4630 364 2696 6166 549 698 2738 1065 4032 1288 507 3659 6064 1334 5519 1370 346 3097 1765 298 6702 1266 7373 7764 3299 607
39 322 79 18 55 251 335 102 22 506 337 17 143 608 119 42 750 2688 39 421 393 678 46 1197 7182 533 3751 9 5634 5 1395 118 747 162
40 42 23 210 13 63 265 9 78 405 106 292 161 211 1880 306 521 777 388 68 317 595 1053 3761 7777 5778 308 3488 3879 7195 6847 2566
41 38 27 53 137 181 116 30 97 553 64 45 2415 40 35 3790 121 351 48 1837 3135 372 1824 516 382 2683 259 3784 7591 4618 8586 2759 1626
42 32 44 18 119 205 172 43 69 935 6 1449 56 1001 284 250 441 74 487 162 146 1729 814 2 332 1027 40 88 2862 908 1039 7606 234 669 9519 1058 843
43 72 100 62 76 46 54 55 412 399 6126 2473 132 108 98 3038 1434 1988 8512 2218 755 3828 7797 1128 1758 3358 2611 1889 1876 5689 7986 1894 1993 6423
44 16 95 301 256 146 27 742 1246 389 4089 347 214 1379 2196 712 187 1953 272 1002 327 201 716 2050 136 789 320 1651 255 162 332 5014 853 54 1132 2091 1051 498
45 4 309 52 156 85 2 135 12 73 193 162 171 1 255 7 138 25 23 29 318 181 165 81 330 21 127 325 808 258 368 262 472
46 22 42 88 103 11 61 128 20 75 105 224 294 133 352 10 4148 241 376 612 289 181 1902 347 1298 46 315 272 1155 124
47 45 174 139 57 60 375 192 16 160 38 111 1582 740 93 433 2413 130 8 105 6684 245 614 286 225 429 1642 224 135 228 5388 383 4336
48 99 67 9 51 134 48 164 300 79 68 163 94 104 366 19 545 58 37 751 227 1554 97 133 53 1023 147 1653 177 110 745 252 335 2469 1344 4497 8355
49 49 5 186 59 12 29 76 96 212 165 138 259 94 478 20 355 1767 1857 3332 839 763 47 519 994 102 4 15 1671 996 339 1325 92
50 19 69 17 77 44 36 322 114 233 53 85 2292 106 198 1391 126 587 926 140 592 14 159 268 3140 6755 4096 866 647 4659 6130 4995 2542 1446 2469 5597 5084 6523 2941
51 9234 33 8783 213 6 23 4705 597 788 4606 288 966 9 22 2410 63 200 508 1728 159 725 334 1989 2420 4847 53 383 6237 1224 3586 198 246 5 70 14 1417
52 30 38 498 418 310 244 397 868 170 26 296 239 951 120 384 1601 4025 6514 6001 365 753 2190 2327 5625 1950 676 2088 724 381 2702
53 20 1866 40 110 118 92 115 1296 302 1035 112 215 760 289 380 1704 225 371 534 151 47 846 1021 8660 5 3243 3528 7064 909 551 211 1056 382
54 17 180 37 115 82 4 109 52 19 62 67 1489 81 509 561 280 243 296 170 772 281 451 484 5020 773 6043 288 214 330 9019 16 149 2291 193 6438 962 1272
55 8 13 65 460 15 146 189 117 44 80 130 218 103 374 14 180 978 1459 124 544 2 579 208 149 152 510 134 49 57 9 42 1246 90 187 63 35
56 24 181 154 128 62 46 481 121 177 214 825 153 38 51 465 880 707 3577 5795 350 868 4612 10 362 2746 2451 950 370
57 54 46 118 131 33 114 132 197 110 22 448 1442 158 1506 480 404 358 349 9566 196 2348 721 1461 1755 126 335 2436 1389 42 2147 1336 1511 1165
58 22 89 144 175 381 294 196 244 41 254 325 720 52 161 550 364 128 4104 5850 1378 806 2986 4685 8076 4474 3768 6604 2619 7279 4133 936 396 6571
59 65 21 323 769 75 1011 203 31 725 8601 6408 3843 6238 225 2187 1429 1728 1264 216 2295 2980 762 1412 605 585 933 4184 579 2692 8146 9 5173 5459 494 6676 702
60 88 123 18 122 235 238 65 758 130 1909 99 19 111 219 77 105 143 110 32 128 216 310 142 103 525 194 1504 139 1927
61 12 25 422 26 213 215 41 2014 208 266 362 254 295 89 7672 135 4674 545 2976 456 566 408 275 369 468 2062 5801 524 2373 9678
62 25 24 64 117 151 527 90 58 1503 6044 75 34 51 770 528 7 3429 363 164 700 1591 1583 3915 5672 2475 1571 1383 170 402 497
63 255 75 25 715 475 401 1054 106 92 3349 971 506 1123 145 122 206 9906 4361 9607 976 2805 5803 1314 65 6284 4809 4221 4009 353 3478 67 285 3926 660
64 48 8 158 161 327 332 465 3317 27 336 75 296 379 265 136 2135 724 314 8629 1353 90 301 778 6820 3164 77 458 3032 9359 244 2507
65 47 173 97 183 82 64 53 323 165 34 76 432 190 568 546 1635 5 106 1074 188 8055 5412 1017 100 313 963
66 11 95 10 77 82 292 1424 23 947 119 502 457 293 3989 1413 2 244 524 4477 307 136 2568 7325 6980 611 129 875 3839
67 27 37 78 58 65 48 36 77 519 136 155 258 35 179 344 226 66 32 52 180 26 149 141 670 3692 400 165 39 574 71 33
68 37 11 47 324 194 509 117 279 213 67 517 187 1428 377 502 83 357 79 689 31 592 452 2720 1509 5667 43 612 243 424 715 19 1436 1078
69 63 47 6 69 24 142 25 43 26 28 35 38 9 80 145 162 107 111 1935 109 394 286 512 361 247 1 422 762 141 1593 1499 427 1883
70 69 20 48 253 62 176 106 112 226 410 298 666 378 39 315 76 629 2973 367 650 840 462 2458 577 384 90 206 5539 190 374 75 2961
71 31 30 89 101 546 143 268 225 350 120 64 48 210 290 252 581 5447 234 77 881 723 534 1239 628 523 1099 579 232 439 2611 2684 2212
72 2 216 243 84 798 9 38 42 121 356 251 4630 328 236 653 2859 313 347 2262 6094 2094 1408 2433 4838 2261 1190 1571 664 409 2904 261 404 5038 428 3016 803 1384 591 785 1598 800 1721
73 33 17 12 69 250 124 30 293 609 218 1484 172 1311 3403 308 82 2201 140 1611 1845 252 6188 1307 197 596 864 842 474 317 4 3826 333 574 320 158 9547
74 10 51 66 39 28 134 431 163 582 446 80 73 322 145 29 20 199 169 5 242 1038 59 203 621 992 2522 1979 2156 8875 4429
75 13 62 129 19 1073 17 69 209 10 116 98 70 235 562 1841 454 587 1337 489 194 56 583 23 174 553 195 51 445 2897 107 21 140 212
76 48 5 22 14 46 15 43 61 79 185 128 0 100 54 177 286 203 35 455 31 34 117 73 104 354 511 155 157 28 357 114 2938
77 8733 244 433 81 4138 5350 21 207 1130 1593 651 2657 134 499 2517 76 273 2942 19 217 635 1407 1071 8466 6745 2378 3603 183 1888 9355 1087 203 9710 5872 180
78 29 70 44 145 172 4 58 36 352 2282 390 27 261 987 654 186 645 183 1913 285 680 89 67 202 443 1591 48 119 4822 600 467 883
79 60 87 13 66 281 291 169 159 485 68 55 2 57 351 119 157 344 9 257 238 116 37 81 498 3 500 12 1 93 3983 997
80 81 136 75 214 65 17 287 50 11 145 916 1572 4241 762 1815 101 316 3017 641 688 1217 971 224 5724 230 5797 426 4858 137 1034 1012 26
81 11 60 31 120 3 209 74 67 132 167 282 194 300 1627 133 337 1017 131 359 1741 772 576 375 338 166 493 662 79 1192 178 755
82 36 55 247 58 184 52 61 565 22 150 137 113 252 494 235 1983 1759 3 78 2282 2967 508 841 263 348 578 394 914 564 1300 1606 2739 1227 360 126 958 723 968 7433
83 55 49 4 43 84 162 227 86 218 589 1595 5688 1515 3175 319 1932 862 185 490 2795 1044 970 4238 281 3406 365 7315 501 2609
84 15 86 39 24 124 20 33 46 363 54 125 390 74 204 229 111 5 440 118 123 176 289 1147 1620 321 455 51 186 487 50 1080 338 27
85 187 67 78 217 95 338 1756 938 544 121 115 158 293 174 676 715 656 2652 5641 355 951 9442 6234 297 1449 6729 475 3559 2065 4240 2052 2562 5605 1393
86 50 21 0 33 230 100 245 53 154 199 22 539 71 24 43 20 156 62 16 538 45 240 145 1318 36 130 46 2886 715 733 135 509
87 179 36 99 130 50 81 119 323 470 774 2334 5 176 419 82 166 60 949 1862 2071 251 677 197 2 128 358 80 6779 6052
88 47 19 1 27 95 1027 160 278 173 190 510 76 85 714 146 98 660 238 2552 1223 239 6025 672 4928 5731 3400 928 869 766 2739 1859
89 11 178 127 64 79 161 10 726 205 5350 110 41 220 112 125 837 96 189 545 18 348 508 3137 436 866 636 472 210 2051 2221 218 1757 34 1896
90 34 7 21 83 42 14 140 331 425 158 655 184 124 11 1260 80 141 90 1363 229 120 287 452 55 330 129 354 143 638 10 2371 3977 102 691 3866 28 218 52 424
91 663 2477 338 164 327 68 644 97 445 654 374 151 50 651 8088 4370 426 3003 5275 407 473 6018 6005 1746 1091 2591 2492 1142 8585 1474 438 4581 1166 425
92 169 248 42 97 18 205 316 49 57 45 293 152 216 356 659 304 46 327 144 1799 109 86 752 459 1673 2482 121 1958 116 223 451 611 345 4366
93 39 107 187 59 1152 126 152 597 422 1010 3535 606 845 2285 201 750 128 866 549 9798 1951 842 4319 4051 3648 258 8116 7316 5361 1865 2142
94 402 217 2882 861 3458 272 1150 301 830 1865 1506 332 645 1663 554 1000 960 7971 900 2968 1140 655 8103 6785 7590 2329 932 1008 4299 980 4271 757 1783 4364 4657 697
95 59 119 152 200 85 1863 50 147 652 742 2706 511 3056 402 8401 3293 6205 8518 7122 2670 5196 1377 818 1257 1628 3420 392 6913 6629
96 41 5 68 10 28 14 7 56 153 1361 249 219 90 391 127 91 95 715 189 455 4914 29 2240 34 27 301 123 354 80 108 504 74 593 402 9357
97 6 69 4 124 131 559 277 241 127 10 334 83 14 259 72 192 335 59 191 30 32 99 297 168 44 56 273 1478 17
98 40 39 229 1 139 13 63 56 641 110 153 44 179 341 2665 215 2 757 41 26 157 134 42 82 66 556 241 1740 175 915
99 12 29 67 113 7 11 25 503 891 101 30 178 637 138 153 409 406 302 75 119 953 2478 175 1209 253 143 2498 3110 326 142 303 115 2337
